#
# There is insufficient memory for the Java Runtime Environment to continue.
# Native memory allocation (mmap) failed to map 67108864 bytes for Failed to commit area from 0x00000000fc000000 to 0x0000000100000000 of length 67108864.
# Possible reasons:
#   The system is out of physical RAM or swap space
#   The process is running with CompressedOops enabled, and the Java Heap may be blocking the growth of the native heap
# Possible solutions:
#   Reduce memory load on the system
#   Increase physical memory or swap space
#   Check if swap backing store is full
#   Decrease Java heap size (-Xmx/-Xms)
#   Decrease number of Java threads
#   Decrease Java thread stack sizes (-Xss)
#   Set larger code cache with -XX:ReservedCodeCacheSize=
# This output file may be truncated or incomplete.
#
#  Out of Memory Error (t:/workspace/open/src/hotspot/os/windows/os_windows.cpp:3271), pid=18040, tid=18020
#
# JRE version:  (11.0.6+8) (build )
# Java VM: Java HotSpot(TM) 64-Bit Server VM (11.0.6+8-LTS, mixed mode, sharing, tiered, compressed oops, g1 gc, windows-amd64)
# No core dump will be written. Minidumps are not enabled by default on client versions of Windows
#

---------------  S U M M A R Y ------------

Command Line: -Xmx64m -Xms64m -Dorg.gradle.appname=gradlew org.gradle.wrapper.GradleWrapperMain tasks

Host: Intel(R) Core(TM) i7-4910MQ CPU @ 2.90GHz, 8 cores, 7G,  Windows 10 , 64 bit Build 19041 (10.0.19041.3570)
Time: Sat Oct 28 16:53:13 2023 Egypt Standard Time elapsed time: 0 seconds (0d 0h 0m 0s)

---------------  T H R E A D  ---------------

Current thread (0x0000022c79118800):  JavaThread "Unknown thread" [_thread_in_vm, id=18020, stack(0x000000d5d3f00000,0x000000d5d4000000)]

Stack: [0x000000d5d3f00000,0x000000d5d4000000]
Native frames: (J=compiled Java code, j=interpreted, Vv=VM code, C=native code)
V  [jvm.dll+0x63679a]
V  [jvm.dll+0x7755bf]
V  [jvm.dll+0x776c65]
V  [jvm.dll+0x7772d3]
V  [jvm.dll+0x25e7f8]
V  [jvm.dll+0x633c4a]
V  [jvm.dll+0x628625]
V  [jvm.dll+0x314a7c]
V  [jvm.dll+0x314902]
V  [jvm.dll+0x31a176]
V  [jvm.dll+0x36650f]
V  [jvm.dll+0x365f30]
V  [jvm.dll+0x2f1a78]
V  [jvm.dll+0x2f2bf6]
V  [jvm.dll+0x74e707]
V  [jvm.dll+0x74fe7f]
V  [jvm.dll+0x373349]
V  [jvm.dll+0x734e5e]
V  [jvm.dll+0x3e2b5d]
V  [jvm.dll+0x3e4ef1]
C  [java.exe+0x3607]
C  [java.exe+0x178dc]
C  [KERNEL32.DLL+0x17344]
C  [ntdll.dll+0x526b1]


---------------  P R O C E S S  ---------------

Threads class SMR info:
_java_thread_list=0x0000022c76ff5d90, length=0, elements={
}

Java Threads: ( => current thread )

Other Threads:
  0x0000022c7912e000 GCTaskThread "GC Thread#0" [stack: 0x000000d5d4000000,0x000000d5d4100000] [id=18088]
  0x0000022c79135000 ConcurrentGCThread "G1 Main Marker" [stack: 0x000000d5d4100000,0x000000d5d4200000] [id=18096]
  0x0000022c79137800 ConcurrentGCThread "G1 Conc#0" [stack: 0x000000d5d4200000,0x000000d5d4300000] [id=18016]

[error occurred during error reporting (printing all threads), id 0xc0000005, EXCEPTION_ACCESS_VIOLATION (0xc0000005) at pc=0x00007ffe153e0207]

VM state:not at safepoint (not fully initialized)

VM Mutex/Monitor currently owned by a thread:  ([mutex/lock_event])
[0x0000022c79114f00] Heap_lock - owner thread: 0x0000022c79118800

Heap address: 0x00000000fc000000, size: 64 MB, Compressed Oops mode: Non-zero based: 0x00000000fc000000
Narrow klass base: 0x0000000000000000, Narrow klass shift: 0

GC Heap History (0 events):
No events

Deoptimization events (0 events):
No events

Classes redefined (0 events):
No events

Internal exceptions (0 events):
No events

Events (0 events):
No events


Dynamic libraries:
0x00007ff6a4590000 - 0x00007ff6a45d7000 	C:\Program Files\Java\jdk-11.0.6\bin\java.exe
0x00007ffe7ce70000 - 0x00007ffe7d067000 	C:\WINDOWS\SYSTEM32\ntdll.dll
0x00007ffe7cc60000 - 0x00007ffe7cd1d000 	C:\WINDOWS\System32\KERNEL32.DLL
0x00007ffe7a700000 - 0x00007ffe7a9f6000 	C:\WINDOWS\System32\KERNELBASE.dll
0x00007ffe7b120000 - 0x00007ffe7b1ce000 	C:\WINDOWS\System32\ADVAPI32.dll
0x00007ffe7c1c0000 - 0x00007ffe7c25e000 	C:\WINDOWS\System32\msvcrt.dll
0x00007ffe7c290000 - 0x00007ffe7c32c000 	C:\WINDOWS\System32\sechost.dll
0x00007ffe7c090000 - 0x00007ffe7c1b6000 	C:\WINDOWS\System32\RPCRT4.dll
0x00007ffe7c4b0000 - 0x00007ffe7c64e000 	C:\WINDOWS\System32\USER32.dll
0x00007ffe7a6a0000 - 0x00007ffe7a6c2000 	C:\WINDOWS\System32\win32u.dll
0x00007ffe7c260000 - 0x00007ffe7c28c000 	C:\WINDOWS\System32\GDI32.dll
0x00007ffe7ab00000 - 0x00007ffe7ac1a000 	C:\WINDOWS\System32\gdi32full.dll
0x00007ffe7ae30000 - 0x00007ffe7aecd000 	C:\WINDOWS\System32\msvcp_win.dll
0x00007ffe7a5a0000 - 0x00007ffe7a6a0000 	C:\WINDOWS\System32\ucrtbase.dll
0x00007ffe6e7a0000 - 0x00007ffe6ea3a000 	C:\WINDOWS\WinSxS\amd64_microsoft.windows.common-controls_6595b64144ccf1df_6.0.19041.3570_none_60bb2a3971f3e41a\COMCTL32.dll
0x00007ffe784d0000 - 0x00007ffe784da000 	C:\WINDOWS\SYSTEM32\VERSION.dll
0x00007ffe7b060000 - 0x00007ffe7b090000 	C:\WINDOWS\System32\IMM32.DLL
0x00007ffe40450000 - 0x00007ffe40466000 	C:\Program Files\Java\jdk-11.0.6\bin\vcruntime140.dll
0x00007ffe2c050000 - 0x00007ffe2c0fa000 	C:\Program Files\Java\jdk-11.0.6\bin\msvcp140.dll
0x00007ffe150e0000 - 0x00007ffe15c09000 	C:\Program Files\Java\jdk-11.0.6\bin\server\jvm.dll
0x00007ffe7b930000 - 0x00007ffe7b938000 	C:\WINDOWS\System32\PSAPI.DLL
0x00007ffe5db20000 - 0x00007ffe5db29000 	C:\WINDOWS\SYSTEM32\WSOCK32.dll
0x00007ffe6faa0000 - 0x00007ffe6fac7000 	C:\WINDOWS\SYSTEM32\WINMM.dll
0x00007ffe7b690000 - 0x00007ffe7b6fb000 	C:\WINDOWS\System32\WS2_32.dll
0x00007ffe78dd0000 - 0x00007ffe78de2000 	C:\WINDOWS\SYSTEM32\kernel.appcore.dll
0x00007ffe40430000 - 0x00007ffe40441000 	C:\Program Files\Java\jdk-11.0.6\bin\verify.dll
0x00007ffe67370000 - 0x00007ffe67554000 	C:\WINDOWS\SYSTEM32\DBGHELP.DLL
0x00007ffe670c0000 - 0x00007ffe670f4000 	C:\WINDOWS\SYSTEM32\dbgcore.DLL
0x00007ffe7aa70000 - 0x00007ffe7aaf2000 	C:\WINDOWS\System32\bcryptPrimitives.dll
0x00007ffe40400000 - 0x00007ffe40429000 	C:\Program Files\Java\jdk-11.0.6\bin\java.dll
0x00007ffe2bbf0000 - 0x00007ffe2bc06000 	C:\Program Files\Java\jdk-11.0.6\bin\zip.dll
0x00007ffe5ca10000 - 0x00007ffe5ca1a000 	C:\Program Files\Java\jdk-11.0.6\bin\jimage.dll

dbghelp: loaded successfully - version: 4.0.5 - missing functions: none
symbol engine: initialized successfully - sym options: 0x614 - pdb path: .;C:\Program Files\Java\jdk-11.0.6\bin;C:\WINDOWS\SYSTEM32;C:\WINDOWS\WinSxS\amd64_microsoft.windows.common-controls_6595b64144ccf1df_6.0.19041.3570_none_60bb2a3971f3e41a;C:\Program Files\Java\jdk-11.0.6\bin\server

VM Arguments:
jvm_args: -Xmx64m -Xms64m -Dorg.gradle.appname=gradlew 
java_command: org.gradle.wrapper.GradleWrapperMain tasks
java_class_path (initial): D:\React_Native_APPS\firebaseAuth\android\\gradle\wrapper\gradle-wrapper.jar
Launcher Type: SUN_STANDARD

[Global flags]
     intx CICompilerCount                          = 4                                         {product} {ergonomic}
     uint ConcGCThreads                            = 2                                         {product} {ergonomic}
     uint G1ConcRefinementThreads                  = 8                                         {product} {ergonomic}
   size_t G1HeapRegionSize                         = 1048576                                   {product} {ergonomic}
    uintx GCDrainStackTargetSize                   = 64                                        {product} {ergonomic}
   size_t InitialHeapSize                          = 67108864                                  {product} {command line}
   size_t MarkStackSize                            = 4194304                                   {product} {ergonomic}
   size_t MaxHeapSize                              = 67108864                                  {product} {command line}
   size_t MinHeapDeltaBytes                        = 1048576                                   {product} {ergonomic}
    uintx NonNMethodCodeHeapSize                   = 5836300                                {pd product} {ergonomic}
    uintx NonProfiledCodeHeapSize                  = 122910970                              {pd product} {ergonomic}
    uintx ProfiledCodeHeapSize                     = 122910970                              {pd product} {ergonomic}
    uintx ReservedCodeCacheSize                    = 251658240                              {pd product} {ergonomic}
     bool SegmentedCodeCache                       = true                                      {product} {ergonomic}
     bool UseCompressedClassPointers               = true                                 {lp64_product} {ergonomic}
     bool UseCompressedOops                        = true                                 {lp64_product} {ergonomic}
     bool UseG1GC                                  = true                                      {product} {ergonomic}
     bool UseLargePagesIndividualAllocation        = false                                  {pd product} {ergonomic}

Logging:
Log output configuration:
 #0: stdout all=warning uptime,level,tags
 #1: stderr all=off uptime,level,tags

Environment Variables:
JAVA_HOME=C:\Program Files\Java\jdk-11.0.6
CLASSPATH=D:\React_Native_APPS\firebaseAuth\android\\gradle\wrapper\gradle-wrapper.jar
PATH=D:\React_Native_APPS\firebaseAuth\node_modules\.bin;D:\React_Native_APPS\firebaseAuth\node_modules\.bin;D:\React_Native_APPS\node_modules\.bin;D:\node_modules\.bin;C:\Program Files\nodejs\node_modules\npm\node_modules\@npmcli\run-script\lib\node-gyp-bin;C:\Python311\Scripts\;C:\Python311\;C:\oraclexe\app\oracle\product\11.2.0\server\bin;C:\WINDOWS\system32;C:\WINDOWS;C:\WINDOWS\System32\Wbem;C:\WINDOWS\System32\WindowsPowerShell\v1.0\;C:\WINDOWS\System32\OpenSSH\;C:\ProgramData\chocolatey\bin;C:\Users\Development\AppData\Roaming\nvm;C:\Program Files\nodejs;C:\Program Files\nodejs\;C:\Users\Development\AppData\Local\Programs\Python\Python311\Scripts\;C:\Users\Development\AppData\Local\Programs\Python\Python311\;C:\Users\Development\AppData\Local\Microsoft\WindowsApps;C:\Users\Development\AppData\Local\Programs\Microsoft VS Code\bin;C:\Users\Development\AppData\Local\Programs\Git\cmd;C:\Users\Development\AppData\Roaming\nvm;C:\Program Files\nodejs;C:\Users\Development\AppData\Roaming\npm
USERNAME=Development
OS=Windows_NT
PROCESSOR_IDENTIFIER=Intel64 Family 6 Model 60 Stepping 3, GenuineIntel



---------------  S Y S T E M  ---------------

OS: Windows 10 , 64 bit Build 19041 (10.0.19041.3570)

CPU:total 8 (initial active 8) (4 cores per cpu, 2 threads per core) family 6 model 60 stepping 3, cmov, cx8, fxsr, mmx, sse, sse2, sse3, ssse3, sse4.1, sse4.2, popcnt, avx, avx2, aes, clmul, erms, lzcnt, ht, tsc, tscinvbit, bmi1, bmi2, fma

Memory: 4k page, system-wide physical 8107M (1047M free)
TotalPageFile size 13288M (AvailPageFile size 23M)
current process WorkingSet (physical memory assigned to process): 9M, peak: 9M
current process commit charge ("private bytes"): 59M, peak: 123M

vm_info: Java HotSpot(TM) 64-Bit Server VM (11.0.6+8-LTS) for windows-amd64 JRE (11.0.6+8-LTS), built on Dec 11 2019 09:17:57 by "mach5one" with MS VC++ 15.5 (VS2017)

END.
